<?xml version="1.0" encoding="UTF-8"?>
<testng-results skipped="0" failed="0" ignored="0" total="1" passed="1">
  <reporter-output>
  </reporter-output>
  <suite name="SuiteName" duration-ms="94587" started-at="2020-04-21T20:00:07 IST" finished-at="2020-04-21T20:01:41 IST">
    <groups>
    </groups>
    <test name="TestName" duration-ms="94587" started-at="2020-04-21T20:00:07 IST" finished-at="2020-04-21T20:01:41 IST">
      <class name="Test.FirstTest">
        <test-method status="PASS" signature="launch()[pri:0, instance:Test.FirstTest@6121c9d6]" name="launch" is-config="true" duration-ms="81174" started-at="2020-04-21T20:00:07 IST" finished-at="2020-04-21T20:01:28 IST">
          <reporter-output>
          </reporter-output>
        </test-method> <!-- launch -->
        <test-method status="PASS" signature="f()[pri:0, instance:Test.FirstTest@6121c9d6]" name="f" duration-ms="93" started-at="2020-04-21T20:01:29 IST" finished-at="2020-04-21T20:01:29 IST">
          <reporter-output>
          </reporter-output>
        </test-method> <!-- f -->
        <test-method status="PASS" signature="tear()[pri:0, instance:Test.FirstTest@6121c9d6]" name="tear" is-config="true" duration-ms="12451" started-at="2020-04-21T20:01:29 IST" finished-at="2020-04-21T20:01:41 IST">
          <reporter-output>
          </reporter-output>
        </test-method> <!-- tear -->
      </class> <!-- Test.FirstTest -->
    </test> <!-- TestName -->
  </suite> <!-- SuiteName -->
</testng-results>
