<?xml version="1.0" encoding="UTF-8"?>
<testng-results skipped="0" failed="0" total="1" passed="1">
  <reporter-output>
  </reporter-output>
  <suite name="Default suite" duration-ms="35664" started-at="2020-04-27T08:50:23Z" finished-at="2020-04-27T08:50:58Z">
    <groups>
    </groups>
    <test name="Default test" duration-ms="35664" started-at="2020-04-27T08:50:23Z" finished-at="2020-04-27T08:50:58Z">
      <class name="com.qa.Guru99.Test.LoginTest">
        <test-method status="PASS" signature="launch()[pri:0, instance:com.qa.Guru99.Test.LoginTest@4de5031f]" name="launch" is-config="true" duration-ms="24823" started-at="2020-04-27T14:20:23Z" finished-at="2020-04-27T14:20:48Z">
          <reporter-output>
          </reporter-output>
        </test-method> <!-- launch -->
        <test-method status="PASS" signature="login()[pri:0, instance:com.qa.Guru99.Test.LoginTest@4de5031f]" name="login" duration-ms="8893" started-at="2020-04-27T14:20:48Z" finished-at="2020-04-27T14:20:56Z">
          <reporter-output>
          </reporter-output>
        </test-method> <!-- login -->
        <test-method status="PASS" signature="tear()[pri:0, instance:com.qa.Guru99.Test.LoginTest@4de5031f]" name="tear" is-config="true" duration-ms="1927" started-at="2020-04-27T14:20:56Z" finished-at="2020-04-27T14:20:58Z">
          <reporter-output>
          </reporter-output>
        </test-method> <!-- tear -->
      </class> <!-- com.qa.Guru99.Test.LoginTest -->
    </test> <!-- Default test -->
  </suite> <!-- Default suite -->
</testng-results>
