<?xml version="1.0" encoding="UTF-8"?>
<testng-results skipped="0" failed="0" ignored="0" total="1" passed="1">
  <reporter-output>
  </reporter-output>
  <suite name="Default suite" duration-ms="28313" started-at="2020-04-21T20:40:01 IST" finished-at="2020-04-21T20:40:29 IST">
    <groups>
    </groups>
    <test name="Default test" duration-ms="28313" started-at="2020-04-21T20:40:01 IST" finished-at="2020-04-21T20:40:29 IST">
      <class name="Test.LoginPageTest">
        <test-method status="PASS" signature="launch()[pri:0, instance:Test.LoginPageTest@dbd940d]" name="launch" is-config="true" duration-ms="8805" started-at="2020-04-21T20:40:01 IST" finished-at="2020-04-21T20:40:10 IST">
          <reporter-output>
          </reporter-output>
        </test-method> <!-- launch -->
        <test-method status="PASS" signature="apply()[pri:0, instance:Test.LoginPageTest@dbd940d]" name="apply" duration-ms="18279" started-at="2020-04-21T20:40:10 IST" finished-at="2020-04-21T20:40:28 IST">
          <reporter-output>
          </reporter-output>
        </test-method> <!-- apply -->
        <test-method status="PASS" signature="tearDown()[pri:0, instance:Test.LoginPageTest@dbd940d]" name="tearDown" is-config="true" duration-ms="1169" started-at="2020-04-21T20:40:28 IST" finished-at="2020-04-21T20:40:29 IST">
          <reporter-output>
          </reporter-output>
        </test-method> <!-- tearDown -->
      </class> <!-- Test.LoginPageTest -->
    </test> <!-- Default test -->
  </suite> <!-- Default suite -->
</testng-results>
